<?xml version="1.0" encoding="UTF-8"?>
<testsuite xmlns:xsi="http://www.w3.org/2001/XMLSchema-instance" xsi:noNamespaceSchemaLocation="https://maven.apache.org/surefire/maven-surefire-plugin/xsd/surefire-test-report.xsd" version="3.0.2" name="com.example.demo.ProjectApplicationTests" time="8.365" tests="1" errors="0" skipped="0" failures="0">
  <properties>
[...]
</properties>
  <testcase name="contextLoads" classname="com.example.demo.ProjectApplicationTests" time="0.478">
    <system-out><![CDATA[10:05:25.996 [main] INFO org.springframework.test.context.support.AnnotationConfigContextLoaderUtils -- Could not detect default configuration classes for test class [com.example.demo.ProjectApplicationTests]: ProjectApplicationTests does not declare any static, non-private, non-final, nested classes annotated with @Configuration.
10:05:26.155 [main] INFO org.springframework.boot.test.context.SpringBootTestContextBootstrapper -- Found @SpringBootConfiguration com.example.demo.ProjectApplication for test class com.example.demo.ProjectApplicationTests
10:05:26.400 [main] INFO org.springframework.boot.devtools.restart.RestartApplicationListener -- Restart disabled due to context in which it is running

  .   ____          _            __ _ _
 /\\ / ___'_ __ _ _(_)_ __  __ _ \ \ \ \
( ( )\___ | '_ | '_| | '_ \/ _` | \ \ \ \
 \\/  ___)| |_)| | | | | || (_| |  ) ) ) )
  '  |____| .__|_| |_|_| |_\__, | / / / /
 =========|_|==============|___/=/_/_/_/

 :: Spring Boot ::                (v3.5.6)

2025-11-19T10:05:26.750+07:00  INFO 28424 --- [demo] [           main] c.example.demo.ProjectApplicationTests   : Starting ProjectApplicationTests using Java 21.0.9 with PID 28424 (started by Color in C:\Users\Color\OneDrive\Desktop\G07_Project_CS261)
2025-11-19T10:05:26.753+07:00  INFO 28424 --- [demo] [           main] c.example.demo.ProjectApplicationTests   : No active profile set, falling back to 1 default profile: "default"
2025-11-19T10:05:27.967+07:00  INFO 28424 --- [demo] [           main] .s.d.r.c.RepositoryConfigurationDelegate : Bootstrapping Spring Data JPA repositories in DEFAULT mode.
2025-11-19T10:05:28.041+07:00  INFO 28424 --- [demo] [           main] .s.d.r.c.RepositoryConfigurationDelegate : Finished Spring Data repository scanning in 63 ms. Found 3 JPA repository interfaces.
2025-11-19T10:05:28.824+07:00  INFO 28424 --- [demo] [           main] o.hibernate.jpa.internal.util.LogHelper  : HHH000204: Processing PersistenceUnitInfo [name: default]
2025-11-19T10:05:28.933+07:00  INFO 28424 --- [demo] [           main] org.hibernate.Version                    : HHH000412: Hibernate ORM core version 6.6.29.Final
2025-11-19T10:05:28.991+07:00  INFO 28424 --- [demo] [           main] o.h.c.internal.RegionFactoryInitiator    : HHH000026: Second-level cache disabled
2025-11-19T10:05:29.419+07:00  INFO 28424 --- [demo] [           main] o.s.o.j.p.SpringPersistenceUnitInfo      : No LoadTimeWeaver setup: ignoring JPA class transformer
2025-11-19T10:05:29.458+07:00  INFO 28424 --- [demo] [           main] com.zaxxer.hikari.HikariDataSource       : HikariPool-1 - Starting...
2025-11-19T10:05:29.777+07:00  INFO 28424 --- [demo] [           main] com.zaxxer.hikari.pool.HikariPool        : HikariPool-1 - Added connection ConnectionID:1 ClientConnectionId: 76539c50-074b-40f2-a412-33a254ad1cc3
2025-11-19T10:05:29.779+07:00  INFO 28424 --- [demo] [           main] com.zaxxer.hikari.HikariDataSource       : HikariPool-1 - Start completed.
2025-11-19T10:05:29.914+07:00  WARN 28424 --- [demo] [           main] org.hibernate.orm.deprecation            : HHH90000025: SQLServerDialect does not need to be specified explicitly using 'hibernate.dialect' (remove the property setting and it will be selected by default)
2025-11-19T10:05:29.941+07:00  INFO 28424 --- [demo] [           main] org.hibernate.orm.connections.pooling    : HHH10001005: Database info:
	Database JDBC URL [Connecting through datasource 'HikariDataSource (HikariPool-1)']
	Database driver: undefined/unknown
	Database version: 15.0
	Autocommit mode: undefined/unknown
	Isolation level: undefined/unknown
	Minimum pool size: undefined/unknown
	Maximum pool size: undefined/unknown
2025-11-19T10:05:31.031+07:00  INFO 28424 --- [demo] [           main] o.h.e.t.j.p.i.JtaPlatformInitiator       : HHH000489: No JTA platform available (set 'hibernate.transaction.jta.platform' to enable JTA platform integration)
Hibernate: 
    alter table userforms 
       drop constraint FKibqssk13j83b2ylrbn77jvsmp
Hibernate: 
    alter table userforms 
       drop constraint FKs1spwdpi2klp6yc9q7q6ncc8e
Hibernate: 
    drop table pets
Hibernate: 
    drop table userforms
Hibernate: 
    drop table users
Hibernate: 
    create table pets (
        birth_date date,
        sterilisation bit not null,
        vaccine bit not null,
        weight float(53) not null,
        id bigint identity not null,
        breed varchar(255),
        disease varchar(255),
        food_allergy varchar(255),
        gender varchar(255),
        image varchar(255),
        name varchar(255),
        petid varchar(255) not null,
        status varchar(255),
        type varchar(255),
        primary key (id)
    )
Hibernate: 
    create table userforms (
        accept_right bit not null,
        dob date not null,
        home_visits bit not null,
        true_info bit not null,
        approved_at datetime2(6),
        approved_by bigint,
        id bigint identity not null,
        meet_date datetime2(6),
        pet_id bigint not null,
        user_id bigint not null,
        address varchar(255) not null,
        email varchar(255) not null,
        experience varchar(255) not null,
        first_name varchar(255) not null,
        identity_doc varchar(255),
        last_name varchar(255) not null,
        occupation varchar(255) not null,
        phone varchar(255) not null,
        reason varchar(255) not null,
        receive_type varchar(255),
        residence_doc varchar(255),
        residence_type varchar(255) not null,
        status varchar(255),
        primary key (id)
    )
Hibernate: 
    create table users (
        active bit not null,
        id bigint identity not null,
        email varchar(255) not null,
        password varchar(255) not null,
        role varchar(255),
        username varchar(255) not null,
        primary key (id)
    )
Hibernate: 
    alter table pets 
       add constraint UKkb83518e8psdr6ii8v0pc5pcm unique (petid)
Hibernate: 
    alter table userforms 
       add constraint UKftn9n4bnnkcnrv78425fi2t6k unique (email)
Hibernate: 
    alter table userforms 
       add constraint UKp8qecx4qj6xqboxxxw2wjagen unique (phone)
Hibernate: 
    alter table users 
       add constraint UK6dotkott2kjsp8vw4d0m25fb7 unique (email)
Hibernate: 
    alter table users 
       add constraint UKr43af9ap4edm43mmtq01oddj6 unique (username)
Hibernate: 
    alter table userforms 
       add constraint FKibqssk13j83b2ylrbn77jvsmp 
       foreign key (pet_id) 
       references pets
Hibernate: 
    alter table userforms 
       add constraint FKs1spwdpi2klp6yc9q7q6ncc8e 
       foreign key (user_id) 
       references users
2025-11-19T10:05:31.165+07:00  INFO 28424 --- [demo] [           main] j.LocalContainerEntityManagerFactoryBean : Initialized JPA EntityManagerFactory for persistence unit 'default'
2025-11-19T10:05:31.638+07:00  INFO 28424 --- [demo] [           main] o.s.d.j.r.query.QueryEnhancerFactory     : Hibernate is in classpath; If applicable, HQL parser will be used.
2025-11-19T10:05:32.355+07:00  WARN 28424 --- [demo] [           main] JpaBaseConfiguration$JpaWebConfiguration : spring.jpa.open-in-view is enabled by default. Therefore, database queries may be performed during view rendering. Explicitly configure spring.jpa.open-in-view to disable this warning
2025-11-19T10:05:32.400+07:00  INFO 28424 --- [demo] [           main] o.s.b.a.w.s.WelcomePageHandlerMapping    : Adding welcome page: class path resource [static/index.html]
2025-11-19T10:05:32.722+07:00  WARN 28424 --- [demo] [           main] .s.s.UserDetailsServiceAutoConfiguration : 

Using generated security password: dc3063da-4b07-444d-a551-f06a4d080e1a

This generated password is for development use only. Your security configuration must be updated before running your application in production.

2025-11-19T10:05:32.733+07:00  INFO 28424 --- [demo] [           main] r$InitializeUserDetailsManagerConfigurer : Global AuthenticationManager configured with UserDetailsService bean with name inMemoryUserDetailsManager
2025-11-19T10:05:33.209+07:00  INFO 28424 --- [demo] [           main] c.example.demo.ProjectApplicationTests   : Started ProjectApplicationTests in 6.828 seconds (process running for 8.486)
Hibernate: 
    select
        count_big(*) 
    from
        pets p1_0
Hibernate: 
    insert 
    into
        pets
        (birth_date, breed, disease, food_allergy, gender, image, name, petid, status, sterilisation, type, vaccine, weight) 
    values
        (?, ?, ?, ?, ?, ?, ?, ?, ?, ?, ?, ?, ?)
Hibernate: 
    insert 
    into
        pets
        (birth_date, breed, disease, food_allergy, gender, image, name, petid, status, sterilisation, type, vaccine, weight) 
    values
        (?, ?, ?, ?, ?, ?, ?, ?, ?, ?, ?, ?, ?)
Hibernate: 
    insert 
    into
        pets
        (birth_date, breed, disease, food_allergy, gender, image, name, petid, status, sterilisation, type, vaccine, weight) 
    values
        (?, ?, ?, ?, ?, ?, ?, ?, ?, ?, ?, ?, ?)
Hibernate: 
    insert 
    into
        pets
        (birth_date, breed, disease, food_allergy, gender, image, name, petid, status, sterilisation, type, vaccine, weight) 
    values
        (?, ?, ?, ?, ?, ?, ?, ?, ?, ?, ?, ?, ?)
Hibernate: 
    insert 
    into
        pets
        (birth_date, breed, disease, food_allergy, gender, image, name, petid, status, sterilisation, type, vaccine, weight) 
    values
        (?, ?, ?, ?, ?, ?, ?, ?, ?, ?, ?, ?, ?)
Hibernate: 
    select
        u1_0.id,
        u1_0.active,
        u1_0.email,
        u1_0.password,
        u1_0.role,
        u1_0.username 
    from
        users u1_0 
    where
        u1_0.username=?
Hibernate: 
    insert 
    into
        users
        (active, email, password, role, username) 
    values
        (?, ?, ?, ?, ?)
Hibernate: 
    select
        u1_0.id,
        u1_0.active,
        u1_0.email,
        u1_0.password,
        u1_0.role,
        u1_0.username 
    from
        users u1_0 
    where
        u1_0.username=?
Hibernate: 
    insert 
    into
        users
        (active, email, password, role, username) 
    values
        (?, ?, ?, ?, ?)
Hibernate: 
    select
        count_big(*) 
    from
        userforms f1_0
Hibernate: 
    select
        u1_0.id,
        u1_0.active,
        u1_0.email,
        u1_0.password,
        u1_0.role,
        u1_0.username 
    from
        users u1_0 
    where
        u1_0.username=?
Hibernate: 
    select
        p1_0.id,
        p1_0.birth_date,
        p1_0.breed,
        p1_0.disease,
        p1_0.food_allergy,
        p1_0.gender,
        p1_0.image,
        p1_0.name,
        p1_0.petid,
        p1_0.status,
        p1_0.sterilisation,
        p1_0.type,
        p1_0.vaccine,
        p1_0.weight 
    from
        pets p1_0
Hibernate: 
    insert 
    into
        userforms
        (accept_right, address, approved_at, approved_by, dob, email, experience, first_name, home_visits, identity_doc, last_name, meet_date, occupation, pet_id, phone, reason, receive_type, residence_doc, residence_type, status, true_info, user_id) 
    values
        (?, ?, ?, ?, ?, ?, ?, ?, ?, ?, ?, ?, ?, ?, ?, ?, ?, ?, ?, ?, ?, ?)
Hibernate: 
    insert 
    into
        userforms
        (accept_right, address, approved_at, approved_by, dob, email, experience, first_name, home_visits, identity_doc, last_name, meet_date, occupation, pet_id, phone, reason, receive_type, residence_doc, residence_type, status, true_info, user_id) 
    values
        (?, ?, ?, ?, ?, ?, ?, ?, ?, ?, ?, ?, ?, ?, ?, ?, ?, ?, ?, ?, ?, ?)
Hibernate: 
    insert 
    into
        userforms
        (accept_right, address, approved_at, approved_by, dob, email, experience, first_name, home_visits, identity_doc, last_name, meet_date, occupation, pet_id, phone, reason, receive_type, residence_doc, residence_type, status, true_info, user_id) 
    values
        (?, ?, ?, ?, ?, ?, ?, ?, ?, ?, ?, ?, ?, ?, ?, ?, ?, ?, ?, ?, ?, ?)
]]></system-out>
    <system-err><![CDATA[Mockito is currently self-attaching to enable the inline-mock-maker. This will no longer work in future releases of the JDK. Please add Mockito as an agent to your build as described in Mockito's documentation: https://javadoc.io/doc/org.mockito/mockito-core/latest/org.mockito/org/mockito/Mockito.html#0.3
WARNING: A Java agent has been loaded dynamically (C:\Users\Color\.m2\repository\net\bytebuddy\byte-buddy-agent\1.17.7\byte-buddy-agent-1.17.7.jar)
WARNING: If a serviceability tool is in use, please run with -XX:+EnableDynamicAgentLoading to hide this warning
WARNING: If a serviceability tool is not in use, please run with -Djdk.instrument.traceUsage for more information
WARNING: Dynamic loading of agents will be disallowed by default in a future release
]]></system-err>
  </testcase>
</testsuite>